
**** Clean-only build of configuration Debug for project BezierDesign_1D_Primary ****

make clean 
rm -rf  ./src/OpenGL_Auxiliary.o  ./src/OpenGL_Auxiliary.d  BezierDesign_1D_Primary
 

**** Build Finished ****

**** Build of configuration Debug for project BezierDesign_1D_Primary ****

make all 
Building file: ../src/OpenGL_Auxiliary.cpp
Invoking: GCC C++ Compiler
g++ -O0 -g3 -Wall -c -fmessage-length=0 -MMD -MP -MF"src/OpenGL_Auxiliary.d" -MT"src/OpenGL_Auxiliary.d" -o "src/OpenGL_Auxiliary.o" "../src/OpenGL_Auxiliary.cpp"
../src/OpenGL_Auxiliary.cpp: In function ‘void ask()’:
../src/OpenGL_Auxiliary.cpp:132:7: warning: unused variable ‘response’ [-Wunused-variable]
Finished building: ../src/OpenGL_Auxiliary.cpp
 
Building target: BezierDesign_1D_Primary
Invoking: GCC C++ Linker
g++  -o "BezierDesign_1D_Primary"  ./src/OpenGL_Auxiliary.o   -lGL -lGLU -lGLEW -lglut
Finished building target: BezierDesign_1D_Primary
 

**** Build Finished ****

**** Build of configuration Debug for project BezierDesign_2D_Primary ****

make all 
make: Nothing to be done for `all'.

**** Build Finished ****

**** Build of configuration Debug for project BezierDesign_2D_v1 ****

make all 
make: Nothing to be done for `all'.

**** Build Finished ****

**** Build of configuration Debug for project BezierDesign_2D_v12 ****

make all 
make: Nothing to be done for `all'.

**** Build Finished ****

**** Build of configuration Debug for project OpenGL_Primary ****

make all 
make: Nothing to be done for `all'.

**** Build Finished ****

**** Build of configuration Debug for project lig1_repo ****

make all 
make: Nothing to be done for `all'.

**** Build Finished ****
