
**** Build of configuration Debug for project SurfacePrimary ****

make all 
Building file: ../src/models/leaves.cpp
Invoking: GCC C++ Compiler
g++ -O0 -g3 -Wall -c -fmessage-length=0 -MMD -MP -MF"src/models/leaves.d" -MT"src/models/leaves.d" -o "src/models/leaves.o" "../src/models/leaves.cpp"
Finished building: ../src/models/leaves.cpp
 
Building file: ../src/OpenGL_Auxiliary.cpp
Invoking: GCC C++ Compiler
g++ -O0 -g3 -Wall -c -fmessage-length=0 -MMD -MP -MF"src/OpenGL_Auxiliary.d" -MT"src/OpenGL_Auxiliary.d" -o "src/OpenGL_Auxiliary.o" "../src/OpenGL_Auxiliary.cpp"
Finished building: ../src/OpenGL_Auxiliary.cpp
 
Building target: SurfacePrimary
Invoking: GCC C++ Linker
g++  -o "SurfacePrimary"  ./src/texture/lodepng.o  ./src/models/leaves.o ./src/models/treetrunk.o  ./src/controlPoints/controlPointLoader.o ./src/controlPoints/externVarDefinition.o  ./src/OpenGL_Auxiliary.o ./src/Utils.o ./src/config.o   
../src/OpenGL_Auxiliary.cpp:100: error: undefined reference to 'glutGet'
../src/OpenGL_Auxiliary.cpp:101: error: undefined reference to 'glutGet'
../src/OpenGL_Auxiliary.cpp:104: error: undefined reference to 'glViewport'
../src/OpenGL_Auxiliary.cpp:108: error: undefined reference to 'glMatrixMode'
../src/OpenGL_Auxiliary.cpp:109: error: undefined reference to 'glLoadIdentity'
../src/OpenGL_Auxiliary.cpp:110: error: undefined reference to 'gluPerspective'
../src/OpenGL_Auxiliary.cpp:111: error: undefined reference to 'gluLookAt'
../src/OpenGL_Auxiliary.cpp:112: error: undefined reference to 'glMatrixMode'
../src/OpenGL_Auxiliary.cpp:151: error: undefined reference to 'glBindTexture'
../src/OpenGL_Auxiliary.cpp:152: error: undefined reference to 'glTexParameterf'
../src/OpenGL_Auxiliary.cpp:153: error: undefined reference to 'glTexParameterf'
../src/OpenGL_Auxiliary.cpp:154: error: undefined reference to 'glTexImage2D'
../src/OpenGL_Auxiliary.cpp:171: error: undefined reference to 'glMatrixMode'
../src/OpenGL_Auxiliary.cpp:172: error: undefined reference to 'glLoadIdentity'
../src/OpenGL_Auxiliary.cpp:174: error: undefined reference to 'glEnable'
../src/OpenGL_Auxiliary.cpp:175: error: undefined reference to 'glEnable'
../src/OpenGL_Auxiliary.cpp:176: error: undefined reference to 'glEnable'
../src/OpenGL_Auxiliary.cpp:177: error: undefined reference to 'glEnable'
../src/OpenGL_Auxiliary.cpp:179: error: undefined reference to 'glPixelStorei'
../src/OpenGL_Auxiliary.cpp:180: error: undefined reference to 'glGenTextures'
../src/OpenGL_Auxiliary.cpp:190: error: undefined reference to 'glDisable'
../src/OpenGL_Auxiliary.cpp:191: error: undefined reference to 'glBegin'
../src/OpenGL_Auxiliary.cpp:193: error: undefined reference to 'glColor3f'
../src/OpenGL_Auxiliary.cpp:194: error: undefined reference to 'glVertex3f'
../src/OpenGL_Auxiliary.cpp:195: error: undefined reference to 'glVertex3f'
../src/OpenGL_Auxiliary.cpp:197: error: undefined reference to 'glColor3f'
../src/OpenGL_Auxiliary.cpp:198: error: undefined reference to 'glVertex3f'
../src/OpenGL_Auxiliary.cpp:199: error: undefined reference to 'glVertex3f'
../src/OpenGL_Auxiliary.cpp:207: error: undefined reference to 'glColor3f'
../src/OpenGL_Auxiliary.cpp:211: error: undefined reference to 'glEnd'
../src/OpenGL_Auxiliary.cpp:218: error: undefined reference to 'glClear'
../src/OpenGL_Auxiliary.cpp:229: error: undefined reference to 'glPushMatrix'
../src/OpenGL_Auxiliary.cpp:232: error: undefined reference to 'glRotatef'
../src/OpenGL_Auxiliary.cpp:233: error: undefined reference to 'glRotatef'
../src/OpenGL_Auxiliary.cpp:234: error: undefined reference to 'glRotatef'
../src/OpenGL_Auxiliary.cpp:236: error: undefined reference to 'glScalef'
../src/OpenGL_Auxiliary.cpp:237: error: undefined reference to 'glRotatef'
../src/OpenGL_Auxiliary.cpp:240: error: undefined reference to 'glPushMatrix'
../src/OpenGL_Auxiliary.cpp:243: error: undefined reference to 'glTranslatef'
../src/OpenGL_Auxiliary.cpp:244: error: undefined reference to 'glScalef'
../src/OpenGL_Auxiliary.cpp:248: error: undefined reference to 'glShadeModel'
../src/OpenGL_Auxiliary.cpp:249: error: undefined reference to 'glPolygonMode'
../src/OpenGL_Auxiliary.cpp:252: error: undefined reference to 'glMaterialfv'
../src/OpenGL_Auxiliary.cpp:253: error: undefined reference to 'glMaterialfv'
../src/OpenGL_Auxiliary.cpp:254: error: undefined reference to 'glMaterialf'
../src/OpenGL_Auxiliary.cpp:255: error: undefined reference to 'glMaterialfv'
../src/OpenGL_Auxiliary.cpp:259: error: undefined reference to 'glBindTexture'
../src/OpenGL_Auxiliary.cpp:261: error: undefined reference to 'glMap2f'
../src/OpenGL_Auxiliary.cpp:262: error: undefined reference to 'glMap2f'
../src/OpenGL_Auxiliary.cpp:263: error: undefined reference to 'glMapGrid2f'
../src/OpenGL_Auxiliary.cpp:264: error: undefined reference to 'glEvalMesh2'
../src/OpenGL_Auxiliary.cpp:265: error: undefined reference to 'glDisable'
../src/OpenGL_Auxiliary.cpp:266: error: undefined reference to 'glPopMatrix'
../src/OpenGL_Auxiliary.cpp:272: error: undefined reference to 'glPushMatrix'
../src/OpenGL_Auxiliary.cpp:273: error: undefined reference to 'glDisable'
../src/OpenGL_Auxiliary.cpp:274: error: undefined reference to 'glColor3f'
../src/OpenGL_Auxiliary.cpp:276: error: undefined reference to 'glTranslatef'
../src/OpenGL_Auxiliary.cpp:280: error: undefined reference to 'glBegin'
../src/OpenGL_Auxiliary.cpp:285: error: undefined reference to 'glEnd'
../src/OpenGL_Auxiliary.cpp:289: error: undefined reference to 'glPopMatrix'
../src/OpenGL_Auxiliary.cpp:291: error: undefined reference to 'glPopMatrix'
../src/OpenGL_Auxiliary.cpp:325: error: undefined reference to 'glPushMatrix'
../src/OpenGL_Auxiliary.cpp:327: error: undefined reference to 'glPopMatrix'
../src/OpenGL_Auxiliary.cpp:331: error: undefined reference to 'glDisable'
../src/OpenGL_Auxiliary.cpp:333: error: undefined reference to 'glLoadIdentity'
../src/OpenGL_Auxiliary.cpp:334: error: undefined reference to 'glTranslatef'
../src/OpenGL_Auxiliary.cpp:336: error: undefined reference to 'glutWireCube'
../src/OpenGL_Auxiliary.cpp:338: error: undefined reference to 'glLoadIdentity'
../src/OpenGL_Auxiliary.cpp:339: error: undefined reference to 'glTranslatef'
../src/OpenGL_Auxiliary.cpp:341: error: undefined reference to 'glutWireCube'
../src/OpenGL_Auxiliary.cpp:346: error: undefined reference to 'glFlush'
../src/OpenGL_Auxiliary.cpp:347: error: undefined reference to 'glutSwapBuffers'
../src/OpenGL_Auxiliary.cpp:360: error: undefined reference to 'glLightModelfv'
../src/OpenGL_Auxiliary.cpp:361: error: undefined reference to 'glLightModeli'
../src/OpenGL_Auxiliary.cpp:364: error: undefined reference to 'glFrontFace'
../src/OpenGL_Auxiliary.cpp:367: error: undefined reference to 'glLightfv'
../src/OpenGL_Auxiliary.cpp:368: error: undefined reference to 'glLightfv'
../src/OpenGL_Auxiliary.cpp:369: error: undefined reference to 'glLightfv'
../src/OpenGL_Auxiliary.cpp:370: error: undefined reference to 'glLightfv'
../src/OpenGL_Auxiliary.cpp:381: error: undefined reference to 'glViewport'
../src/OpenGL_Auxiliary.cpp:385: error: undefined reference to 'glMatrixMode'
../src/OpenGL_Auxiliary.cpp:387: error: undefined reference to 'gluPerspective'
../src/OpenGL_Auxiliary.cpp:403: error: undefined reference to 'glutInit'
../src/OpenGL_Auxiliary.cpp:404: error: undefined reference to 'glutInitDisplayMode'
../src/OpenGL_Auxiliary.cpp:405: error: undefined reference to 'glutInitWindowPosition'
../src/OpenGL_Auxiliary.cpp:406: error: undefined reference to 'glutInitWindowSize'
../src/OpenGL_Auxiliary.cpp:407: error: undefined reference to 'glutCreateWindow'
../src/OpenGL_Auxiliary.cpp:413: error: undefined reference to 'glutKeyboardFunc'
../src/OpenGL_Auxiliary.cpp:414: error: undefined reference to 'glutSpecialFunc'
../src/OpenGL_Auxiliary.cpp:415: error: undefined reference to 'glutReshapeFunc'
../src/OpenGL_Auxiliary.cpp:416: error: undefined reference to 'glutIdleFunc'
../src/OpenGL_Auxiliary.cpp:417: error: undefined reference to 'glutDisplayFunc'
../src/OpenGL_Auxiliary.cpp:418: error: undefined reference to 'glutMainLoop'
collect2: ld returned 1 exit status
make: *** [SurfacePrimary] Error 1

**** Build Finished ****
